0 info it worked if it ends with ok
1 verbose cli [ '/usr/local/n/versions/node/9.8.0/bin/node',
1 verbose cli   '/home/vishwas/bin/npm',
1 verbose cli   'install',
1 verbose cli   '-g',
1 verbose cli   'bower' ]
2 info using npm@3.5.2
3 info using node@v9.8.0
4 verbose stack Error: Cannot find module 'ansi'
4 verbose stack     at Function.Module._resolveFilename (module.js:543:15)
4 verbose stack     at Function.Module._load (module.js:470:25)
4 verbose stack     at Module.require (module.js:593:17)
4 verbose stack     at require (internal/module.js:11:18)
4 verbose stack     at Object.<anonymous> (/usr/share/npm/lib/ls.js:15:13)
4 verbose stack     at Module._compile (module.js:649:30)
4 verbose stack     at Object.Module._extensions..js (module.js:660:10)
4 verbose stack     at Module.load (module.js:561:32)
4 verbose stack     at tryModuleLoad (module.js:501:12)
4 verbose stack     at Function.Module._load (module.js:493:3)
5 verbose cwd /home/vishwas/Desktop/Rajasthan/Final/login 2.0
6 error Linux 4.13.0-37-generic
7 error argv "/usr/local/n/versions/node/9.8.0/bin/node" "/home/vishwas/bin/npm" "install" "-g" "bower"
8 error node v9.8.0
9 error npm  v3.5.2
10 error code MODULE_NOT_FOUND
11 error Cannot find module 'ansi'
12 error If you need help, you may report this error at:
12 error     <https://github.com/npm/npm/issues>
13 verbose exit [ 1, true ]
